# JRE version: OpenJDK Runtime Environment (11.0.13) (build 11.0.13+0-b1751.21-8125866)
# Java VM: OpenJDK 64-Bit Server VM (11.0.13+0-b1751.21-8125866, mixed mode, tiered, compressed oops, g1 gc, windows-amd64)
Heap:
 garbage-first heap   total 258048K, used 207141K [0x0000000080000000, 0x0000000100000000)
  region size 1024K, 20 young (20480K), 3 survivors (3072K)
 Metaspace       used 117915K, capacity 121441K, committed 121756K, reserved 1155072K
  class space    used 14847K, capacity 16114K, committed 16204K, reserved 1048576K
GC Heap History (20 events):
Event: 71.620 GC heap before
{Heap before GC invocations=35 (full 0):
 garbage-first heap   total 258048K, used 217995K [0x0000000080000000, 0x0000000100000000)
  region size 1024K, 43 young (44032K), 2 survivors (2048K)
 Metaspace       used 112870K, capacity 116250K, committed 116508K, reserved 1150976K
  class space    used 14274K, capacity 15439K, committed 15564K, reserved 1048576K
}
Event: 71.623 GC heap after
{Heap after GC invocations=36 (full 0):
 garbage-first heap   total 258048K, used 178074K [0x0000000080000000, 0x0000000100000000)
  region size 1024K, 4 young (4096K), 4 survivors (4096K)
 Metaspace       used 112870K, capacity 116250K, committed 116508K, reserved 1150976K
  class space    used 14274K, capacity 15439K, committed 15564K, reserved 1048576K
}
Event: 71.878 GC heap before
{Heap before GC invocations=37 (full 0):
 garbage-first heap   total 258048K, used 219034K [0x0000000080000000, 0x0000000100000000)
  region size 1024K, 45 young (46080K), 4 survivors (4096K)
 Metaspace       used 113742K, capacity 117179K, committed 117404K, reserved 1150976K
  class space    used 14355K, capacity 15554K, committed 15692K, reserved 1048576K
}
Event: 71.884 GC heap after
{Heap after GC invocations=38 (full 0):
 garbage-first heap   total 258048K, used 182785K [0x0000000080000000, 0x0000000100000000)
  region size 1024K, 6 young (6144K), 6 survivors (6144K)
 Metaspace       used 113742K, capacity 117179K, committed 117404K, reserved 1150976K
  class space    used 14355K, capacity 15554K, committed 15692K, reserved 1048576K
}
Event: 72.104 GC heap before
{Heap before GC invocations=38 (full 0):
 garbage-first heap   total 258048K, used 219649K [0x0000000080000000, 0x0000000100000000)
  region size 1024K, 43 young (44032K), 6 survivors (6144K)
 Metaspace       used 115085K, capacity 118499K, committed 118556K, reserved 1153024K
  class space    used 14561K, capacity 15785K, committed 15820K, reserved 1048576K
}
Event: 72.112 GC heap after
{Heap after GC invocations=39 (full 0):
 garbage-first heap   total 258048K, used 186892K [0x0000000080000000, 0x0000000100000000)
  region size 1024K, 4 young (4096K), 4 survivors (4096K)
 Metaspace       used 115085K, capacity 118499K, committed 118556K, reserved 1153024K
  class space    used 14561K, capacity 15785K, committed 15820K, reserved 1048576K
}
Event: 72.296 GC heap before
{Heap before GC invocations=40 (full 0):
 garbage-first heap   total 258048K, used 219660K [0x0000000080000000, 0x0000000100000000)
  region size 1024K, 37 young (37888K), 4 survivors (4096K)
 Metaspace       used 115297K, capacity 118771K, committed 118812K, reserved 1153024K
  class space    used 14579K, capacity 15798K, committed 15820K, reserved 1048576K
}
Event: 72.300 GC heap after
{Heap after GC invocations=41 (full 0):
 garbage-first heap   total 258048K, used 190612K [0x0000000080000000, 0x0000000100000000)
  region size 1024K, 4 young (4096K), 4 survivors (4096K)
 Metaspace       used 115297K, capacity 118771K, committed 118812K, reserved 1153024K
  class space    used 14579K, capacity 15798K, committed 15820K, reserved 1048576K
}
Event: 72.315 GC heap before
{Heap before GC invocations=41 (full 0):
 garbage-first heap   total 258048K, used 197780K [0x0000000080000000, 0x0000000100000000)
  region size 1024K, 12 young (12288K), 4 survivors (4096K)
 Metaspace       used 115300K, capacity 118771K, committed 118812K, reserved 1153024K
  class space    used 14579K, capacity 15798K, committed 15820K, reserved 1048576K
}
Event: 72.323 GC heap after
{Heap after GC invocations=42 (full 0):
 garbage-first heap   total 258048K, used 181336K [0x0000000080000000, 0x0000000100000000)
  region size 1024K, 2 young (2048K), 2 survivors (2048K)
 Metaspace       used 115300K, capacity 118771K, committed 118812K, reserved 1153024K
  class space    used 14579K, capacity 15798K, committed 15820K, reserved 1048576K
}
Event: 72.477 GC heap before
{Heap before GC invocations=42 (full 0):
 garbage-first heap   total 258048K, used 216152K [0x0000000080000000, 0x0000000100000000)
  region size 1024K, 37 young (37888K), 2 survivors (2048K)
 Metaspace       used 116302K, capacity 119818K, committed 119964K, reserved 1153024K
  class space    used 14651K, capacity 15859K, committed 15948K, reserved 1048576K
}
Event: 72.482 GC heap after
{Heap after GC invocations=43 (full 0):
 garbage-first heap   total 258048K, used 184090K [0x0000000080000000, 0x0000000100000000)
  region size 1024K, 5 young (5120K), 5 survivors (5120K)
 Metaspace       used 116302K, capacity 119818K, committed 119964K, reserved 1153024K
  class space    used 14651K, capacity 15859K, committed 15948K, reserved 1048576K
}
Event: 72.609 GC heap before
{Heap before GC invocations=43 (full 0):
 garbage-first heap   total 258048K, used 217882K [0x0000000080000000, 0x0000000100000000)
  region size 1024K, 39 young (39936K), 5 survivors (5120K)
 Metaspace       used 116572K, capacity 120035K, committed 120220K, reserved 1153024K
  class space    used 14672K, capacity 15928K, committed 15948K, reserved 1048576K
}
Event: 72.613 GC heap after
{Heap after GC invocations=44 (full 0):
 garbage-first heap   total 258048K, used 187667K [0x0000000080000000, 0x0000000100000000)
  region size 1024K, 5 young (5120K), 5 survivors (5120K)
 Metaspace       used 116572K, capacity 120035K, committed 120220K, reserved 1153024K
  class space    used 14672K, capacity 15928K, committed 15948K, reserved 1048576K
}
Event: 72.699 GC heap before
{Heap before GC invocations=45 (full 0):
 garbage-first heap   total 258048K, used 219411K [0x0000000080000000, 0x0000000100000000)
  region size 1024K, 37 young (37888K), 5 survivors (5120K)
 Metaspace       used 117196K, capacity 120699K, committed 120860K, reserved 1155072K
  class space    used 14762K, capacity 16023K, committed 16076K, reserved 1048576K
}
Event: 72.704 GC heap after
{Heap after GC invocations=46 (full 0):
 garbage-first heap   total 258048K, used 190894K [0x0000000080000000, 0x0000000100000000)
  region size 1024K, 4 young (4096K), 4 survivors (4096K)
 Metaspace       used 117196K, capacity 120699K, committed 120860K, reserved 1155072K
  class space    used 14762K, capacity 16023K, committed 16076K, reserved 1048576K
}
Event: 72.720 GC heap before
{Heap before GC invocations=46 (full 0):
 garbage-first heap   total 258048K, used 198062K [0x0000000080000000, 0x0000000100000000)
  region size 1024K, 12 young (12288K), 4 survivors (4096K)
 Metaspace       used 117200K, capacity 120699K, committed 120860K, reserved 1155072K
  class space    used 14763K, capacity 16023K, committed 16076K, reserved 1048576K
}
Event: 72.727 GC heap after
{Heap after GC invocations=47 (full 0):
 garbage-first heap   total 258048K, used 188120K [0x0000000080000000, 0x0000000100000000)
  region size 1024K, 2 young (2048K), 2 survivors (2048K)
 Metaspace       used 117200K, capacity 120699K, committed 120860K, reserved 1155072K
  class space    used 14763K, capacity 16023K, committed 16076K, reserved 1048576K
}
Event: 72.841 GC heap before
{Heap before GC invocations=47 (full 0):
 garbage-first heap   total 258048K, used 218840K [0x0000000080000000, 0x0000000100000000)
  region size 1024K, 33 young (33792K), 2 survivors (2048K)
 Metaspace       used 117569K, capacity 121202K, committed 121500K, reserved 1155072K
  class space    used 14809K, capacity 16105K, committed 16204K, reserved 1048576K
}
Event: 72.850 GC heap after
{Heap after GC invocations=48 (full 0):
 garbage-first heap   total 258048K, used 189733K [0x0000000080000000, 0x0000000100000000)
  region size 1024K, 3 young (3072K), 3 survivors (3072K)
 Metaspace       used 117569K, capacity 121202K, committed 121500K, reserved 1155072K
  class space    used 14809K, capacity 16105K, committed 16204K, reserved 1048576K
}

